{
  "stats": {
    "suites": 4,
    "tests": 4,
    "passes": 4,
    "pending": 0,
    "failures": 0,
    "start": "2023-10-06T08:31:16.082Z",
    "end": "2023-10-06T08:31:31.814Z",
    "duration": 15732,
    "testsRegistered": 4,
    "passPercent": 100,
    "pendingPercent": 0,
    "other": 0,
    "hasOther": false,
    "skipped": 0,
    "hasSkipped": false
  },
  "results": [
    {
      "uuid": "5303b693-e985-413a-b456-757e6aeeb2c6",
      "title": "",
      "fullFile": "",
      "file": "",
      "beforeHooks": [],
      "afterHooks": [],
      "tests": [],
      "suites": [
        {
          "uuid": "20b6cf31-ffa7-46a8-b3ae-3ab6d4ab4de8",
          "title": "Login test fail",
          "fullFile": "C:\\Users\\Asus\\Desktop\\RCA\\Realworld_app_praksa\\tests\\invalidLogIn.test.js",
          "file": "\\tests\\invalidLogIn.test.js",
          "beforeHooks": [
            {
              "title": "\"before all\" hook in \"Login test fail\"",
              "fullTitle": "Login test fail \"before all\" hook in \"Login test fail\"",
              "timedOut": false,
              "duration": 2303,
              "state": null,
              "speed": null,
              "pass": false,
              "fail": false,
              "pending": false,
              "context": null,
              "code": "driver = await new Builder().forBrowser(\"chrome\").build();\ninvalidlogin = new InvalidLogInPage(driver);",
              "err": {},
              "uuid": "a3102144-2cd2-4a1c-a786-0c131204f5b5",
              "parentUUID": "20b6cf31-ffa7-46a8-b3ae-3ab6d4ab4de8",
              "isHook": true,
              "skipped": false
            }
          ],
          "afterHooks": [
            {
              "title": "\"after all\" hook in \"Login test fail\"",
              "fullTitle": "Login test fail \"after all\" hook in \"Login test fail\"",
              "timedOut": false,
              "duration": 92,
              "state": null,
              "speed": null,
              "pass": false,
              "fail": false,
              "pending": false,
              "context": null,
              "code": "await driver.quit();",
              "err": {},
              "uuid": "01b83144-094c-4213-9b0d-06fdb1d2ba11",
              "parentUUID": "20b6cf31-ffa7-46a8-b3ae-3ab6d4ab4de8",
              "isHook": true,
              "skipped": false
            }
          ],
          "tests": [
            {
              "title": "Validate login fail",
              "fullTitle": "Login test fail Validate login fail",
              "timedOut": false,
              "duration": 1705,
              "state": "passed",
              "speed": "slow",
              "pass": true,
              "fail": false,
              "pending": false,
              "context": null,
              "code": "await invalidlogin.invalidLogIn();\nconst errorMessageElement = await driver.findElement(invalidlogin.text);\nconst errorMessageText = await errorMessageElement.getText();\nexpect(errorMessageText).to.equal(\"Username or password is invalid\");",
              "err": {},
              "uuid": "341797ba-195f-4792-9670-b8afae7f2a02",
              "parentUUID": "20b6cf31-ffa7-46a8-b3ae-3ab6d4ab4de8",
              "isHook": false,
              "skipped": false
            }
          ],
          "suites": [],
          "passes": [
            "341797ba-195f-4792-9670-b8afae7f2a02"
          ],
          "failures": [],
          "pending": [],
          "skipped": [],
          "duration": 1705,
          "root": false,
          "rootEmpty": false,
          "_timeout": 10000
        },
        {
          "uuid": "ce217f91-3bc4-4ac2-bf84-bc93eea6bcf0",
          "title": "Sign Up test fail",
          "fullFile": "C:\\Users\\Asus\\Desktop\\RCA\\Realworld_app_praksa\\tests\\invalidSignUp.test.js",
          "file": "\\tests\\invalidSignUp.test.js",
          "beforeHooks": [
            {
              "title": "\"before all\" hook in \"Sign Up test fail\"",
              "fullTitle": "Sign Up test fail \"before all\" hook in \"Sign Up test fail\"",
              "timedOut": false,
              "duration": 1648,
              "state": null,
              "speed": null,
              "pass": false,
              "fail": false,
              "pending": false,
              "context": null,
              "code": "driver = await new Builder().forBrowser(\"chrome\").build();\ninvalidSignUp = new InvalidSignUpPage(driver);",
              "err": {},
              "uuid": "f3054f59-7536-41a6-bb2f-b7c9a953ad87",
              "parentUUID": "ce217f91-3bc4-4ac2-bf84-bc93eea6bcf0",
              "isHook": true,
              "skipped": false
            }
          ],
          "afterHooks": [
            {
              "title": "\"after all\" hook in \"Sign Up test fail\"",
              "fullTitle": "Sign Up test fail \"after all\" hook in \"Sign Up test fail\"",
              "timedOut": false,
              "duration": 55,
              "state": null,
              "speed": null,
              "pass": false,
              "fail": false,
              "pending": false,
              "context": null,
              "code": "await driver.quit();",
              "err": {},
              "uuid": "c442147b-9fcc-454d-ac8f-5145a7eafdcd",
              "parentUUID": "ce217f91-3bc4-4ac2-bf84-bc93eea6bcf0",
              "isHook": true,
              "skipped": false
            }
          ],
          "tests": [
            {
              "title": "Validate SignUp fail",
              "fullTitle": "Sign Up test fail Validate SignUp fail",
              "timedOut": false,
              "duration": 2209,
              "state": "passed",
              "speed": "slow",
              "pass": true,
              "fail": false,
              "pending": false,
              "context": null,
              "code": "await invalidSignUp.invalidSignUp();\nconst button = await driver.findElement(invalidSignUp.invalidSignUpBtn);\nassert.isTrue(await button.getAttribute(\"disabled\") === \"true\", 'Button is not disabled');",
              "err": {},
              "uuid": "7b12d63d-0f7d-4b67-a62f-140bedd3399a",
              "parentUUID": "ce217f91-3bc4-4ac2-bf84-bc93eea6bcf0",
              "isHook": false,
              "skipped": false
            }
          ],
          "suites": [],
          "passes": [
            "7b12d63d-0f7d-4b67-a62f-140bedd3399a"
          ],
          "failures": [],
          "pending": [],
          "skipped": [],
          "duration": 2209,
          "root": false,
          "rootEmpty": false,
          "_timeout": 10000
        },
        {
          "uuid": "7cee7e83-ef53-4294-826e-3b13c12c54cc",
          "title": "Login test",
          "fullFile": "C:\\Users\\Asus\\Desktop\\RCA\\Realworld_app_praksa\\tests\\logIn.test.js",
          "file": "\\tests\\logIn.test.js",
          "beforeHooks": [
            {
              "title": "\"before all\" hook in \"Login test\"",
              "fullTitle": "Login test \"before all\" hook in \"Login test\"",
              "timedOut": false,
              "duration": 1574,
              "state": null,
              "speed": null,
              "pass": false,
              "fail": false,
              "pending": false,
              "context": null,
              "code": "driver = await new Builder().forBrowser(\"chrome\").build();\nloginPage = new LoginPage(driver);",
              "err": {},
              "uuid": "b7c36b0f-c25b-46d1-8278-8e1b2208da78",
              "parentUUID": "7cee7e83-ef53-4294-826e-3b13c12c54cc",
              "isHook": true,
              "skipped": false
            }
          ],
          "afterHooks": [
            {
              "title": "\"after all\" hook in \"Login test\"",
              "fullTitle": "Login test \"after all\" hook in \"Login test\"",
              "timedOut": false,
              "duration": 118,
              "state": null,
              "speed": null,
              "pass": false,
              "fail": false,
              "pending": false,
              "context": null,
              "code": "await driver.quit();",
              "err": {},
              "uuid": "e51f554c-ae54-4576-a4a5-f607014e774d",
              "parentUUID": "7cee7e83-ef53-4294-826e-3b13c12c54cc",
              "isHook": true,
              "skipped": false
            }
          ],
          "tests": [
            {
              "title": "Validate login",
              "fullTitle": "Login test Validate login",
              "timedOut": false,
              "duration": 1918,
              "state": "passed",
              "speed": "slow",
              "pass": true,
              "fail": false,
              "pending": false,
              "context": null,
              "code": "await loginPage.logIn();\nconst currentUrl = await driver.getCurrentUrl();\nexpect(currentUrl).to.equal(\"http://localhost:3000/\");",
              "err": {},
              "uuid": "26111d7b-b857-429c-9b89-0fda0afc9ea3",
              "parentUUID": "7cee7e83-ef53-4294-826e-3b13c12c54cc",
              "isHook": false,
              "skipped": false
            }
          ],
          "suites": [],
          "passes": [
            "26111d7b-b857-429c-9b89-0fda0afc9ea3"
          ],
          "failures": [],
          "pending": [],
          "skipped": [],
          "duration": 1918,
          "root": false,
          "rootEmpty": false,
          "_timeout": 10000
        },
        {
          "uuid": "da6163bb-6408-4c85-926b-265c31588046",
          "title": "Sign Up test",
          "fullFile": "C:\\Users\\Asus\\Desktop\\RCA\\Realworld_app_praksa\\tests\\signUp.test.js",
          "file": "\\tests\\signUp.test.js",
          "beforeHooks": [
            {
              "title": "\"before all\" hook in \"Sign Up test\"",
              "fullTitle": "Sign Up test \"before all\" hook in \"Sign Up test\"",
              "timedOut": false,
              "duration": 1492,
              "state": null,
              "speed": null,
              "pass": false,
              "fail": false,
              "pending": false,
              "context": null,
              "code": "driver = await new Builder().forBrowser(\"chrome\").build();\nsignUpPage = new SignUpPage(driver);",
              "err": {},
              "uuid": "a2715f75-d975-4f3c-b4e2-833bc343d002",
              "parentUUID": "da6163bb-6408-4c85-926b-265c31588046",
              "isHook": true,
              "skipped": false
            }
          ],
          "afterHooks": [
            {
              "title": "\"after all\" hook in \"Sign Up test\"",
              "fullTitle": "Sign Up test \"after all\" hook in \"Sign Up test\"",
              "timedOut": false,
              "duration": 93,
              "state": null,
              "speed": null,
              "pass": false,
              "fail": false,
              "pending": false,
              "context": null,
              "code": "await driver.quit();",
              "err": {},
              "uuid": "e48644ba-92f7-4d9d-8f02-d3d68447f7c7",
              "parentUUID": "da6163bb-6408-4c85-926b-265c31588046",
              "isHook": true,
              "skipped": false
            }
          ],
          "tests": [
            {
              "title": "Validate SignUp",
              "fullTitle": "Sign Up test Validate SignUp",
              "timedOut": false,
              "duration": 2501,
              "state": "passed",
              "speed": "slow",
              "pass": true,
              "fail": false,
              "pending": false,
              "context": null,
              "code": "await signUpPage.signUp();\nconst currentUrl = await driver.getCurrentUrl();\nexpect(currentUrl).to.equal(\"http://localhost:3000/signin\");",
              "err": {},
              "uuid": "943b43c2-66ed-4b4f-a288-b66b01028bd0",
              "parentUUID": "da6163bb-6408-4c85-926b-265c31588046",
              "isHook": false,
              "skipped": false
            }
          ],
          "suites": [],
          "passes": [
            "943b43c2-66ed-4b4f-a288-b66b01028bd0"
          ],
          "failures": [],
          "pending": [],
          "skipped": [],
          "duration": 2501,
          "root": false,
          "rootEmpty": false,
          "_timeout": 10000
        }
      ],
      "passes": [],
      "failures": [],
      "pending": [],
      "skipped": [],
      "duration": 0,
      "root": true,
      "rootEmpty": true,
      "_timeout": 10000
    }
  ],
  "meta": {
    "mocha": {
      "version": "10.2.0"
    },
    "mochawesome": {
      "options": {
        "quiet": false,
        "reportFilename": "mochawesome",
        "saveHtml": true,
        "saveJson": true,
        "consoleReporter": "spec",
        "useInlineDiffs": false,
        "code": true
      },
      "version": "7.1.3"
    },
    "marge": {
      "options": null,
      "version": "6.2.0"
    }
  }
}