{
  "stats": {
    "suites": 2,
    "tests": 4,
    "passes": 4,
    "pending": 0,
    "failures": 0,
    "start": "2023-10-09T05:40:13.891Z",
    "end": "2023-10-09T05:40:24.327Z",
    "duration": 10436,
    "testsRegistered": 4,
    "passPercent": 100,
    "pendingPercent": 0,
    "other": 0,
    "hasOther": false,
    "skipped": 0,
    "hasSkipped": false
  },
  "results": [
    {
      "uuid": "50994a19-ff59-4bfd-9cd9-12cd11cff36b",
      "title": "",
      "fullFile": "",
      "file": "",
      "beforeHooks": [],
      "afterHooks": [],
      "tests": [],
      "suites": [
        {
          "uuid": "e180a8bd-6d41-47c1-863c-a39aff25f38c",
          "title": "Login test",
          "fullFile": "C:\\Users\\Asus\\Desktop\\RCA\\Realworld_app_praksa\\tests\\logIn.test.js",
          "file": "\\tests\\logIn.test.js",
          "beforeHooks": [
            {
              "title": "\"before all\" hook in \"Login test\"",
              "fullTitle": "Login test \"before all\" hook in \"Login test\"",
              "timedOut": false,
              "duration": 1534,
              "state": null,
              "speed": null,
              "pass": false,
              "fail": false,
              "pending": false,
              "context": null,
              "code": "driver = await new Builder().forBrowser(\"chrome\").build();\nloginPage = new LoginPage(driver);",
              "err": {},
              "uuid": "e67a29d6-55cb-46e9-8e1e-da38beb15fb1",
              "parentUUID": "e180a8bd-6d41-47c1-863c-a39aff25f38c",
              "isHook": true,
              "skipped": false
            }
          ],
          "afterHooks": [
            {
              "title": "\"after all\" hook in \"Login test\"",
              "fullTitle": "Login test \"after all\" hook in \"Login test\"",
              "timedOut": false,
              "duration": 116,
              "state": null,
              "speed": null,
              "pass": false,
              "fail": false,
              "pending": false,
              "context": null,
              "code": "await driver.quit();",
              "err": {},
              "uuid": "650d7d2c-ac1f-40f4-bbf2-1bfd5cbb0245",
              "parentUUID": "e180a8bd-6d41-47c1-863c-a39aff25f38c",
              "isHook": true,
              "skipped": false
            }
          ],
          "tests": [
            {
              "title": "Validate login fail",
              "fullTitle": "Login test Validate login fail",
              "timedOut": false,
              "duration": 1668,
              "state": "passed",
              "speed": "slow",
              "pass": true,
              "fail": false,
              "pending": false,
              "context": null,
              "code": "await loginPage.invalidLogIn();\nconst errorMessageElement = await driver.findElement(loginPage.text);\nconst errorMessageText = await errorMessageElement.getText();\nexpect(errorMessageText).to.equal(\"Username or password is invalid\");",
              "err": {},
              "uuid": "adbe7ee1-2e52-48a9-bc2a-14985b8bab75",
              "parentUUID": "e180a8bd-6d41-47c1-863c-a39aff25f38c",
              "isHook": false,
              "skipped": false
            },
            {
              "title": "Validate login",
              "fullTitle": "Login test Validate login",
              "timedOut": false,
              "duration": 1382,
              "state": "passed",
              "speed": "slow",
              "pass": true,
              "fail": false,
              "pending": false,
              "context": null,
              "code": "await loginPage.logIn();\nconst currentUrl = await driver.getCurrentUrl();\nexpect(currentUrl).to.equal(loginPage.baseUrl, \"Log in was not successful\");",
              "err": {},
              "uuid": "6b58a87f-c983-4632-9cc5-bd40cdd1aefa",
              "parentUUID": "e180a8bd-6d41-47c1-863c-a39aff25f38c",
              "isHook": false,
              "skipped": false
            }
          ],
          "suites": [],
          "passes": [
            "adbe7ee1-2e52-48a9-bc2a-14985b8bab75",
            "6b58a87f-c983-4632-9cc5-bd40cdd1aefa"
          ],
          "failures": [],
          "pending": [],
          "skipped": [],
          "duration": 3050,
          "root": false,
          "rootEmpty": false,
          "_timeout": 10000
        },
        {
          "uuid": "f4505881-697d-4580-ba11-59dbd64f9deb",
          "title": "Sign Up test",
          "fullFile": "C:\\Users\\Asus\\Desktop\\RCA\\Realworld_app_praksa\\tests\\signUp.test.js",
          "file": "\\tests\\signUp.test.js",
          "beforeHooks": [
            {
              "title": "\"before all\" hook in \"Sign Up test\"",
              "fullTitle": "Sign Up test \"before all\" hook in \"Sign Up test\"",
              "timedOut": false,
              "duration": 1546,
              "state": null,
              "speed": null,
              "pass": false,
              "fail": false,
              "pending": false,
              "context": null,
              "code": "driver = await new Builder().forBrowser(\"chrome\").build();\nsignUpPage = new SignUpPage(driver);",
              "err": {},
              "uuid": "8c388b3f-3095-4f0a-b3f7-bb8ee64308fb",
              "parentUUID": "f4505881-697d-4580-ba11-59dbd64f9deb",
              "isHook": true,
              "skipped": false
            }
          ],
          "afterHooks": [
            {
              "title": "\"after all\" hook in \"Sign Up test\"",
              "fullTitle": "Sign Up test \"after all\" hook in \"Sign Up test\"",
              "timedOut": false,
              "duration": 46,
              "state": null,
              "speed": null,
              "pass": false,
              "fail": false,
              "pending": false,
              "context": null,
              "code": "await driver.quit();",
              "err": {},
              "uuid": "3b56c915-d715-4a18-be82-88ec5ac32cf9",
              "parentUUID": "f4505881-697d-4580-ba11-59dbd64f9deb",
              "isHook": true,
              "skipped": false
            }
          ],
          "tests": [
            {
              "title": "Validate SignUp",
              "fullTitle": "Sign Up test Validate SignUp",
              "timedOut": false,
              "duration": 2545,
              "state": "passed",
              "speed": "slow",
              "pass": true,
              "fail": false,
              "pending": false,
              "context": null,
              "code": "await signUpPage.signUp();\nconst currentUrl = await driver.getCurrentUrl();\nassert.isTrue(\n  currentUrl === signUpPage.loginUrl,\n  \"Sign up was not successful\"\n);",
              "err": {},
              "uuid": "7c8b042a-5943-46c1-a0ee-86f192e15843",
              "parentUUID": "f4505881-697d-4580-ba11-59dbd64f9deb",
              "isHook": false,
              "skipped": false
            },
            {
              "title": "Validate SignUp fail",
              "fullTitle": "Sign Up test Validate SignUp fail",
              "timedOut": false,
              "duration": 1577,
              "state": "passed",
              "speed": "slow",
              "pass": true,
              "fail": false,
              "pending": false,
              "context": null,
              "code": "await signUpPage.invalidSignUp();\nconst button = await driver.findElement(signUpPage.btn);\nassert.isTrue(\n  (await button.getAttribute(\"disabled\")) === \"true\",\n  \"Button is not disabled\"\n);",
              "err": {},
              "uuid": "10e52371-3a8f-4a2e-9fc5-7b3786958c66",
              "parentUUID": "f4505881-697d-4580-ba11-59dbd64f9deb",
              "isHook": false,
              "skipped": false
            }
          ],
          "suites": [],
          "passes": [
            "7c8b042a-5943-46c1-a0ee-86f192e15843",
            "10e52371-3a8f-4a2e-9fc5-7b3786958c66"
          ],
          "failures": [],
          "pending": [],
          "skipped": [],
          "duration": 4122,
          "root": false,
          "rootEmpty": false,
          "_timeout": 10000
        }
      ],
      "passes": [],
      "failures": [],
      "pending": [],
      "skipped": [],
      "duration": 0,
      "root": true,
      "rootEmpty": true,
      "_timeout": 10000
    }
  ],
  "meta": {
    "mocha": {
      "version": "10.2.0"
    },
    "mochawesome": {
      "options": {
        "quiet": false,
        "reportFilename": "mochawesome",
        "saveHtml": true,
        "saveJson": true,
        "consoleReporter": "spec",
        "useInlineDiffs": false,
        "code": true
      },
      "version": "7.1.3"
    },
    "marge": {
      "options": null,
      "version": "6.2.0"
    }
  }
}